<?xml version="1.0" encoding="UTF-8"?>
<!--

    Copyright (C) 2010 lichtflut Forschungs- und Entwicklungsgesellschaft mbH

    Licensed under the Apache License, Version 2.0 (the "License");
    you may not use this file except in compliance with the License.
    You may obtain a copy of the License at

            http://www.apache.org/licenses/LICENSE-2.0

    Unless required by applicable law or agreed to in writing, software
    distributed under the License is distributed on an "AS IS" BASIS,
    WITHOUT WARRANTIES OR CONDITIONS OF ANY KIND, either express or implied.
    See the License for the specific language governing permissions and
    limitations under the License.

-->
<rdf:RDF
	xmlns:common="http://test.arastreju.org/common#"
	xmlns:aras="http://arastreju.org/kernel#"
	xmlns:owl="http://www.w3.org/2002/07/owl#"
	xmlns:rdf="http://www.w3.org/1999/02/22-rdf-syntax-ns#"
	xmlns:rdfs="http://www.w3.org/2000/01/rdf-schema#">
	
	<!-- COMMON TYPES -->
	
	<rdf:Description rdf:about="http://test.arastreju.org/common#ConceptualPerson">
		<rdf:type rdf:resource="http://www.w3.org/2000/01/rdf-schema#Class"/>
	</rdf:Description>
	
	<rdf:Description rdf:about="http://test.arastreju.org/common#Person">
		<rdf:type rdf:resource="http://www.w3.org/2000/01/rdf-schema#Class"/>
		<rdfs:subClassOf rdf:resource="http://test.arastreju.org/common#ConceptualPerson"/>
	</rdf:Description>
	
	<!-- COMMON PROPERTIES -->
	
	<rdf:Description rdf:about="http://test.arastreju.org/common#isMarriedTo">
		<rdf:type rdf:resource="http://www.w3.org/1999/02/22-rdf-syntax-ns#Property"/>
		<aras:inverseOf rdf:resource="http://test.arastreju.org/common#isMarriedTo"/>
		<rdfs:label>married to</rdfs:label>
	</rdf:Description>
	
	<rdf:Description rdf:about="http://test.arastreju.org/common#hasChild">
		<rdf:type rdf:resource="http://www.w3.org/1999/02/22-rdf-syntax-ns#Property"/>
		<aras:inverseOf rdf:resource="http://test.arastreju.org/common#hasParent"/>
		<rdfs:label>has child</rdfs:label>
	</rdf:Description>
	
	<rdf:Description rdf:about="http://test.arastreju.org/common#hasParent">
		<rdf:type rdf:resource="http://www.w3.org/1999/02/22-rdf-syntax-ns#Property"/>
		<aras:inverseOf rdf:resource="http://test.arastreju.org/common#hasChild"/>
		<rdfs:label>has parent</rdfs:label>
	</rdf:Description>
	
</rdf:RDF>